<?xml version="1.0" encoding="UTF-8"?>
<!-- Generated by org.testng.reporters.JUnitReportReporter -->
<testsuite skipped="0" hostname="VISHALKA-LT" name="TestNGPackage.FirstTestNGProgram" tests="1" failures="0" timestamp="15 Apr 2021 10:44:05 GMT" time="0.005" errors="0">
  <testcase name="demo" time="0.005" classname="TestNGPackage.FirstTestNGProgram"/>
</testsuite> <!-- TestNGPackage.FirstTestNGProgram -->
