<?xml version="1.0" encoding="UTF-8"?>
<!-- Generated by org.testng.reporters.JUnitReportReporter -->
<testsuite skipped="0" hostname="VISHALKA-LT" name="TestNGPackage.Class2" tests="1" failures="0" timestamp="15 Apr 2021 10:52:57 GMT" time="0.001" errors="0">
  <testcase name="class2Method2" time="0.001" classname="TestNGPackage.Class2"/>
</testsuite> <!-- TestNGPackage.Class2 -->
