<?xml version="1.0" encoding="UTF-8"?>
<!-- Generated by org.testng.reporters.JUnitReportReporter -->
<testsuite skipped="0" hostname="VISHALKA-LT" name="TestNGPackage.Class1" tests="1" failures="0" timestamp="15 Apr 2021 10:52:57 GMT" time="0.009" errors="0">
  <testcase name="class1Method2" time="0.009" classname="TestNGPackage.Class1"/>
</testsuite> <!-- TestNGPackage.Class1 -->
