<?xml version="1.0" encoding="UTF-8"?>
<!-- Generated by org.testng.reporters.JUnitReportReporter -->
<testsuite skipped="0" hostname="VISHALKA-LT" name="TestNGPackage.Class2" tests="6" failures="0" timestamp="23 Apr 2021 11:20:20 GMT" time="0.007" errors="0">
  <testcase name="class2Method2" time="0.000" classname="TestNGPackage.Class2"/>
  <testcase name="class2Method3" time="0.002" classname="TestNGPackage.Class2"/>
  <testcase name="class2Method2" time="0.002" classname="TestNGPackage.Class2"/>
  <testcase name="class2Method3" time="0.001" classname="TestNGPackage.Class2"/>
  <testcase name="class2Method1" time="0.001" classname="TestNGPackage.Class2"/>
  <testcase name="class2Method1" time="0.001" classname="TestNGPackage.Class2"/>
</testsuite> <!-- TestNGPackage.Class2 -->
