<?xml version="1.0" encoding="UTF-8"?>
<!-- Generated by org.testng.reporters.JUnitReportReporter -->
<testsuite skipped="0" hostname="VISHALKA-LT" name="TestNGPackage.Class3" tests="1" failures="0" timestamp="15 Apr 2021 10:52:57 GMT" time="0.000" errors="0">
  <testcase name="class3Method3" time="0.000" classname="TestNGPackage.Class3"/>
</testsuite> <!-- TestNGPackage.Class3 -->
