<?xml version="1.0" encoding="UTF-8"?>
<!-- Generated by org.testng.reporters.JUnitReportReporter -->
<testsuite skipped="0" hostname="VISHALKA-LT" name="TestNGPackage.Class3" tests="3" failures="0" timestamp="23 Apr 2021 11:20:20 GMT" time="0.002" errors="0">
  <testcase name="class3Method3" time="0.000" classname="TestNGPackage.Class3"/>
  <testcase name="class3Method2" time="0.001" classname="TestNGPackage.Class3"/>
  <testcase name="class3Method1" time="0.001" classname="TestNGPackage.Class3"/>
</testsuite> <!-- TestNGPackage.Class3 -->
