<?xml version="1.0" encoding="UTF-8"?>
<!-- Generated by org.testng.reporters.JUnitReportReporter -->
<testsuite skipped="0" hostname="VISHALKA-LT" name="TestNGPackage.DataProviderTestNG" tests="5" failures="0" timestamp="19 Apr 2021 12:15:10 GMT" time="0.007" errors="0">
  <testcase name="DataProviderMethod1" time="0.004" classname="TestNGPackage.DataProviderTestNG"/>
  <testcase name="DataProviderMethod2" time="0.001" classname="TestNGPackage.DataProviderTestNG"/>
  <testcase name="DataProviderMethod2" time="0.000" classname="TestNGPackage.DataProviderTestNG"/>
  <testcase name="DataProviderMethod2" time="0.001" classname="TestNGPackage.DataProviderTestNG"/>
  <testcase name="DataProviderMethod3" time="0.001" classname="TestNGPackage.DataProviderTestNG"/>
</testsuite> <!-- TestNGPackage.DataProviderTestNG -->
